send|2017-10-01 13:39:21|gm/add_diamond|uid:11-add_num:1
get|2017-10-01 13:39:22|{"errorcode":0}
send|2017-10-01 13:42:26|gm/add_diamond|uid:11-add_num:1-agency:hg0001
get|2017-10-01 13:42:28|{"errorcode":0}|agency:hg0001
send|2017-10-01 13:43:21|gm/add_diamond|uid:11-add_num:1|agency:hg0001
get|2017-10-01 13:43:21|{"errorcode":0}|agency:hg0001
send|2017-10-01 14:22:16|gm/add_diamond|uid:136543-add_num:11|agency:zs0701
get|2017-10-01 14:22:18|{"errorcode":0}|agency:zs0701
send|2017-10-01 14:54:40|gm/add_diamond|uid:136548-add_num:11|agency:zs0932
get|2017-10-01 14:54:42||agency:zs0932
send|2017-10-01 15:11:34|gm/add_diamond|uid:135803-add_num:5|agency:zs0932
get|2017-10-01 15:11:36|{"errorcode":0}|agency:zs0932
send|2017-10-01 15:12:38|gm/add_diamond|uid:136108-add_num:11|agency:zs0932
get|2017-10-01 15:12:40|{"errorcode":0}|agency:zs0932
send|2017-10-01 17:00:35|gm/add_diamond|uid:11-add_num:1|agency:hg0001
get|2017-10-01 17:00:38|{"errorcode":0}|agency:hg0001
send|2017-10-01 17:01:30|gm/add_diamond|uid:11-add_num:1|agency:hg0001
get|2017-10-01 17:01:31|{"errorcode":0}|agency:hg0001
send|2017-10-01 17:03:12|gm/add_diamond|uid:11-add_num:1|agency:hg0001
get|2017-10-01 17:03:13|{"errorcode":0}|agency:hg0001
send|2017-10-01 17:05:20|gm/add_diamond|uid:11-add_num:1|agency:hg0001
get|2017-10-01 17:05:23|{"errorcode":0}|agency:hg0001
send|2017-10-01 17:06:18|gm/add_diamond|uid:11-add_num:1|agency:hg0001
get|2017-10-01 17:06:18|{"errorcode":0}|agency:hg0001
send|2017-10-01 17:34:53|gm/add_diamond|uid:11-add_num:1|agency:hg0001
send|2017-10-01 17:35:21|gm/add_diamond|uid:11-add_num:1|agency:hg0001
send|2017-10-01 17:37:07|gm/add_diamond|uid:11-add_num:1|agency:hg0001
send|2017-10-01 17:38:06|gm/add_diamond|uid:11-add_num:1|agency:hg0001
send|2017-10-01 17:39:28|gm/add_diamond|uid:11-add_num:1|agency:hg0001
get|2017-10-01 17:39:28|{"errorcode":0}|agency:hg0001
send|2017-10-01 17:40:03|gm/add_diamond|uid:11-add_num:1|agency:hg0001
get|2017-10-01 17:40:03|{"errorcode":0}|agency:hg0001
send|2017-10-01 17:40:28|gm/add_diamond|uid:11-add_num:1|agency:hg0001
send|2017-10-01 17:41:27|gm/add_diamond|uid:11-add_num:1|agency:hg0001
get|2017-10-01 17:41:27|{"errorcode":0}|0|agency:hg0001
send|2017-10-01 17:44:17|gm/add_diamond|uid:11-add_num:1|agency:hg0001
get|2017-10-01 17:44:17|{"errorcode":0}|0:|agency:hg0001
send|2017-10-01 17:49:00|gm/add_diamond|uid:11-add_num:1|agency:hg0001
get|2017-10-01 17:49:02|{"errorcode":0}|0:|agency:hg0001
send|2017-10-01 17:51:07|gm/add_diamond|uid:11-add_num:1|agency:hg0001
send|2017-10-01 17:53:33|gm/add_diamond|uid:11-add_num:1|agency:hg0001
send|2017-10-01 17:54:10|gm/add_diamond|uid:11-add_num:1|agency:hg0001
get|2017-10-01 17:54:11|{"errorcode":0}|0:|agency:hg0001
send|2017-10-01 17:55:07|gm/add_diamond|uid:135341-add_num:10|agency:zs4032
get|2017-10-01 17:55:07|{"errorcode":0}|0:|agency:zs4032
send|2017-10-01 17:58:54|gm/add_diamond|uid:136548-add_num:11|agency:hg0001
get|2017-10-01 17:58:54|{"errorcode":0}|0:|agency:hg0001
send|2017-10-01 18:40:02|gm/add_diamond|uid:136389-add_num:11|agency:zs4173
get|2017-10-01 18:40:07||6:name lookup timed out|agency:zs4173
get|2017-10-01 18:40:08|{"errorcode":0}|0:|agency:zs4173
send|2017-10-01 20:06:31|gm/add_diamond|uid:136276-add_num:5|agency:zs0701
get|2017-10-01 20:06:34|{"errorcode":0}|0:|agency:zs0701
send|2017-10-01 21:02:50|gm/add_diamond|uid:135505-add_num:5|agency:zs4032
get|2017-10-01 21:02:55||6:name lookup timed out|agency:zs4032
get|2017-10-01 21:02:56|{"errorcode":0}|0:|agency:zs4032
send|2017-10-01 21:09:04|gm/add_diamond|uid:135497-add_num:50|agency:zs4032
get|2017-10-01 21:09:08|{"errorcode":0}|0:|agency:zs4032
send|2017-10-01 21:21:46|gm/add_diamond|uid:136276-add_num:3|agency:zs0701
get|2017-10-01 21:21:49|{"errorcode":0}|0:|agency:zs0701
send|2017-10-01 21:34:22|gm/add_diamond|uid:135981-add_num:50|agency:zs4032
get|2017-10-01 21:34:26|{"errorcode":0}|0:|agency:zs4032
send|2017-10-01 21:36:05|gm/add_diamond|uid:135079-add_num:20|agency:hg0001
get|2017-10-01 21:36:05|{"errorcode":0}|0:|agency:hg0001
send|2017-10-01 21:40:11|gm/add_diamond|uid:136108-add_num:11|agency:zs0932
get|2017-10-01 21:40:11|{"errorcode":0}|0:|agency:zs0932
send|2017-10-01 21:42:58|gm/add_diamond|uid:135094-add_num:50|agency:hg0001
get|2017-10-01 21:42:58|{"errorcode":0}|0:|agency:hg0001
send|2017-10-01 22:00:57|gm/add_diamond|uid:135127-add_num:23|agency:zs0932
get|2017-10-01 22:00:58|{"errorcode":0}|0:|agency:zs0932
send|2017-10-01 22:46:59|gm/add_diamond|uid:135127-add_num:2|agency:zs0932
get|2017-10-01 22:47:01||6:name lookup timed out|agency:zs0932
send|2017-10-01 22:50:27|gm/add_diamond|uid:136543-add_num:25|agency:zs0701
get|2017-10-01 22:50:29||6:name lookup timed out|agency:zs0701
send|2017-10-01 22:58:47|gm/add_diamond|uid:136543-add_num:35|agency:hg0001
get|2017-10-01 22:58:48|{"errorcode":0}|agency:hg0001
send|2017-10-01 23:08:51|gm/add_diamond|uid:11-add_num:1|agency:hg0001
get|2017-10-01 23:08:51|{"errorcode":0}|agency:hg0001
send|2017-10-01 23:12:28|gm/add_diamond|uid:136276-add_num:3|agency:zs0701
get|2017-10-01 23:12:28|{"errorcode":0}|agency:zs0701
send|2017-10-01 23:52:28|gm/add_diamond|uid:11-add_num:1|agency:hg0001
get|2017-10-01 23:52:28|{"errorcode":0}|agency:hg0001
